<?xml version="1.0" encoding="UTF-8"?>
<coverage generated="1787342390965" clover="3.2.0">
  <project timestamp="1787342390965" name="All files">
    <metrics statements="26" coveredstatements="17" conditionals="2" coveredconditionals="2" methods="9" coveredmethods="2" elements="37" coveredelements="21" complexity="0" loc="26" ncloc="26" packages="1" files="2" classes="2"/>
    <file name="http-client.plugin.ts" path="D:\cursos\FH\nodeJS2026\seccion05\02-bases\src\plugins\http-client.plugin.ts">
      <metrics statements="22" coveredstatements="13" conditionals="0" coveredconditionals="0" methods="4" coveredmethods="0"/>
      <line num="1" count="1" type="stmt"/>
      <line num="2" count="1" type="stmt"/>
      <line num="3" count="1" type="stmt"/>
      <line num="4" count="1" type="stmt"/>
      <line num="5" count="1" type="stmt"/>
      <line num="6" count="0" type="stmt"/>
      <line num="7" count="0" type="stmt"/>
      <line num="8" count="0" type="stmt"/>
      <line num="9" count="1" type="stmt"/>
      <line num="10" count="1" type="stmt"/>
      <line num="11" count="0" type="stmt"/>
      <line num="12" count="0" type="stmt"/>
      <line num="13" count="1" type="stmt"/>
      <line num="14" count="1" type="stmt"/>
      <line num="15" count="0" type="stmt"/>
      <line num="16" count="0" type="stmt"/>
      <line num="17" count="1" type="stmt"/>
      <line num="18" count="1" type="stmt"/>
      <line num="19" count="0" type="stmt"/>
      <line num="20" count="0" type="stmt"/>
      <line num="21" count="1" type="stmt"/>
      <line num="22" count="1" type="stmt"/>
    </file>
    <file name="index.ts" path="D:\cursos\FH\nodeJS2026\seccion05\02-bases\src\plugins\index.ts">
      <metrics statements="4" coveredstatements="4" conditionals="2" coveredconditionals="2" methods="5" coveredmethods="2"/>
      <line num="1" count="1" type="stmt"/>
      <line num="2" count="1" type="stmt"/>
      <line num="3" count="1" type="stmt"/>
      <line num="4" count="1" type="cond" truecount="2" falsecount="0"/>
    </file>
  </project>
</coverage>
