{"D:\\cursos\\FH\\nodeJS2026\\seccion05\\02-bases\\src\\plugins\\get-uuid.plugin.ts": {"path":"D:\\cursos\\FH\\nodeJS2026\\seccion05\\02-bases\\src\\plugins\\get-uuid.plugin.ts","all":false,"statementMap":{"0":{"start":{"line":1,"column":0},"end":{"line":1,"column":36}},"1":{"start":{"line":2,"column":0},"end":{"line":2,"column":0}},"2":{"start":{"line":3,"column":0},"end":{"line":3,"column":0}},"3":{"start":{"line":4,"column":0},"end":{"line":4,"column":30}},"4":{"start":{"line":5,"column":0},"end":{"line":5,"column":20}},"5":{"start":{"line":6,"column":0},"end":{"line":6,"column":2}}},"s":{"0":1,"1":1,"2":1,"3":1,"4":1,"5":1},"branchMap":{"0":{"type":"branch","line":4,"loc":{"start":{"line":4,"column":23},"end":{"line":6,"column":2}},"locations":[{"start":{"line":4,"column":23},"end":{"line":6,"column":2}}]}},"b":{"0":[1]},"fnMap":{"0":{"name":"getUUID","decl":{"start":{"line":4,"column":23},"end":{"line":6,"column":2}},"loc":{"start":{"line":4,"column":23},"end":{"line":6,"column":2}},"line":4}},"f":{"0":1}}
,"D:\\cursos\\FH\\nodeJS2026\\seccion05\\02-bases\\src\\plugins\\index.ts": {"path":"D:\\cursos\\FH\\nodeJS2026\\seccion05\\02-bases\\src\\plugins\\index.ts","all":false,"statementMap":{"0":{"start":{"line":1,"column":0},"end":{"line":1,"column":41}},"1":{"start":{"line":2,"column":0},"end":{"line":2,"column":71}},"2":{"start":{"line":3,"column":0},"end":{"line":3,"column":54}}},"s":{"0":1,"1":1,"2":1},"branchMap":{"0":{"type":"branch","line":1,"loc":{"start":{"line":1,"column":9},"end":{"line":1,"column":41}},"locations":[{"start":{"line":1,"column":9},"end":{"line":1,"column":41}}]},"1":{"type":"branch","line":2,"loc":{"start":{"line":2,"column":9},"end":{"line":2,"column":41}},"locations":[{"start":{"line":2,"column":9},"end":{"line":2,"column":41}}]}},"b":{"0":[3],"1":[2]},"fnMap":{"0":{"name":"get","decl":{"start":{"line":1,"column":9},"end":{"line":1,"column":41}},"loc":{"start":{"line":1,"column":9},"end":{"line":1,"column":41}},"line":1},"1":{"name":"get","decl":{"start":{"line":2,"column":9},"end":{"line":2,"column":41}},"loc":{"start":{"line":2,"column":9},"end":{"line":2,"column":41}},"line":2},"2":{"name":"get","decl":{"start":{"line":3,"column":9},"end":{"line":3,"column":54}},"loc":{"start":{"line":3,"column":9},"end":{"line":3,"column":54}},"line":3}},"f":{"0":3,"1":2,"2":0}}
}
