{"D:\\cursos\\FH\\nodeJS2026\\seccion05\\02-bases\\src\\js-foundation\\01-template.ts": {"path":"D:\\cursos\\FH\\nodeJS2026\\seccion05\\02-bases\\src\\js-foundation\\01-template.ts","all":false,"statementMap":{"0":{"start":{"line":1,"column":0},"end":{"line":1,"column":0}},"1":{"start":{"line":2,"column":0},"end":{"line":2,"column":30}},"2":{"start":{"line":3,"column":0},"end":{"line":3,"column":5}},"3":{"start":{"line":4,"column":0},"end":{"line":4,"column":25}},"4":{"start":{"line":5,"column":0},"end":{"line":5,"column":36}},"5":{"start":{"line":6,"column":0},"end":{"line":6,"column":32}},"6":{"start":{"line":7,"column":0},"end":{"line":7,"column":8}}},"s":{"0":1,"1":1,"2":1,"3":1,"4":1,"5":1,"6":1},"branchMap":{},"b":{},"fnMap":{},"f":{}}
,"D:\\cursos\\FH\\nodeJS2026\\seccion05\\02-bases\\src\\js-foundation\\02-destructuring.ts": {"path":"D:\\cursos\\FH\\nodeJS2026\\seccion05\\02-bases\\src\\js-foundation\\02-destructuring.ts","all":false,"statementMap":{"0":{"start":{"line":1,"column":0},"end":{"line":1,"column":74}}},"s":{"0":1},"branchMap":{},"b":{},"fnMap":{},"f":{}}
,"D:\\cursos\\FH\\nodeJS2026\\seccion05\\02-bases\\src\\js-foundation\\03-callbacks.ts": {"path":"D:\\cursos\\FH\\nodeJS2026\\seccion05\\02-bases\\src\\js-foundation\\03-callbacks.ts","all":false,"statementMap":{"0":{"start":{"line":1,"column":0},"end":{"line":1,"column":16}},"1":{"start":{"line":2,"column":0},"end":{"line":2,"column":13}},"2":{"start":{"line":3,"column":0},"end":{"line":3,"column":15}},"3":{"start":{"line":4,"column":0},"end":{"line":4,"column":1}},"4":{"start":{"line":5,"column":0},"end":{"line":5,"column":0}},"5":{"start":{"line":6,"column":0},"end":{"line":6,"column":23}},"6":{"start":{"line":7,"column":0},"end":{"line":7,"column":3}},"7":{"start":{"line":8,"column":0},"end":{"line":8,"column":10}},"8":{"start":{"line":9,"column":0},"end":{"line":9,"column":21}},"9":{"start":{"line":10,"column":0},"end":{"line":10,"column":4}},"10":{"start":{"line":11,"column":0},"end":{"line":11,"column":3}},"11":{"start":{"line":12,"column":0},"end":{"line":12,"column":10}},"12":{"start":{"line":13,"column":0},"end":{"line":13,"column":21}},"13":{"start":{"line":14,"column":0},"end":{"line":14,"column":3}},"14":{"start":{"line":15,"column":0},"end":{"line":15,"column":2}},"15":{"start":{"line":16,"column":0},"end":{"line":16,"column":0}},"16":{"start":{"line":17,"column":0},"end":{"line":17,"column":0}},"17":{"start":{"line":18,"column":0},"end":{"line":18,"column":89}},"18":{"start":{"line":19,"column":0},"end":{"line":19,"column":42}},"19":{"start":{"line":20,"column":0},"end":{"line":20,"column":28}},"20":{"start":{"line":21,"column":0},"end":{"line":21,"column":5}},"21":{"start":{"line":22,"column":0},"end":{"line":22,"column":0}},"22":{"start":{"line":23,"column":0},"end":{"line":23,"column":15}},"23":{"start":{"line":24,"column":0},"end":{"line":24,"column":52}},"24":{"start":{"line":25,"column":0},"end":{"line":25,"column":3}},"25":{"start":{"line":26,"column":0},"end":{"line":26,"column":0}},"26":{"start":{"line":27,"column":0},"end":{"line":27,"column":37}},"27":{"start":{"line":28,"column":0},"end":{"line":28,"column":1}}},"s":{"0":1,"1":1,"2":1,"3":1,"4":1,"5":1,"6":1,"7":1,"8":1,"9":1,"10":1,"11":1,"12":1,"13":1,"14":1,"15":1,"16":1,"17":2,"18":2,"19":3,"20":2,"21":2,"22":2,"23":1,"24":1,"25":1,"26":1,"27":1},"branchMap":{"0":{"type":"branch","line":18,"loc":{"start":{"line":18,"column":0},"end":{"line":28,"column":1}},"locations":[{"start":{"line":18,"column":0},"end":{"line":28,"column":1}}]},"1":{"type":"branch","line":23,"loc":{"start":{"line":23,"column":14},"end":{"line":28,"column":1}},"locations":[{"start":{"line":23,"column":14},"end":{"line":28,"column":1}}]},"2":{"type":"branch","line":19,"loc":{"start":{"line":19,"column":27},"end":{"line":21,"column":3}},"locations":[{"start":{"line":19,"column":27},"end":{"line":21,"column":3}}]}},"b":{"0":[2],"1":[1],"2":[3]},"fnMap":{"0":{"name":"getUserById","decl":{"start":{"line":18,"column":0},"end":{"line":28,"column":1}},"loc":{"start":{"line":18,"column":0},"end":{"line":28,"column":1}},"line":18}},"f":{"0":2}}
,"D:\\cursos\\FH\\nodeJS2026\\seccion05\\02-bases\\src\\js-foundation\\05-factory.ts": {"path":"D:\\cursos\\FH\\nodeJS2026\\seccion05\\02-bases\\src\\js-foundation\\05-factory.ts","all":false,"statementMap":{"0":{"start":{"line":1,"column":0},"end":{"line":1,"column":42}},"1":{"start":{"line":2,"column":0},"end":{"line":2,"column":24}},"2":{"start":{"line":3,"column":0},"end":{"line":3,"column":40}},"3":{"start":{"line":4,"column":0},"end":{"line":4,"column":1}},"4":{"start":{"line":5,"column":0},"end":{"line":5,"column":0}},"5":{"start":{"line":6,"column":0},"end":{"line":6,"column":32}},"6":{"start":{"line":7,"column":0},"end":{"line":7,"column":15}},"7":{"start":{"line":8,"column":0},"end":{"line":8,"column":20}},"8":{"start":{"line":9,"column":0},"end":{"line":9,"column":1}},"9":{"start":{"line":10,"column":0},"end":{"line":10,"column":0}},"10":{"start":{"line":11,"column":0},"end":{"line":11,"column":0}},"11":{"start":{"line":12,"column":0},"end":{"line":12,"column":82}},"12":{"start":{"line":13,"column":0},"end":{"line":13,"column":0}},"13":{"start":{"line":14,"column":0},"end":{"line":14,"column":50}},"14":{"start":{"line":15,"column":0},"end":{"line":15,"column":0}},"15":{"start":{"line":16,"column":0},"end":{"line":16,"column":12}},"16":{"start":{"line":17,"column":0},"end":{"line":17,"column":20}},"17":{"start":{"line":18,"column":0},"end":{"line":18,"column":17}},"18":{"start":{"line":19,"column":0},"end":{"line":19,"column":27}},"19":{"start":{"line":20,"column":0},"end":{"line":20,"column":29}},"20":{"start":{"line":21,"column":0},"end":{"line":21,"column":5}},"21":{"start":{"line":22,"column":0},"end":{"line":22,"column":3}},"22":{"start":{"line":23,"column":0},"end":{"line":23,"column":0}},"23":{"start":{"line":24,"column":0},"end":{"line":24,"column":1}}},"s":{"0":1,"1":1,"2":1,"3":1,"4":1,"5":1,"6":1,"7":1,"8":1,"9":1,"10":1,"11":1,"12":2,"13":2,"14":1,"15":1,"16":1,"17":1,"18":1,"19":1,"20":1,"21":1,"22":2,"23":2},"branchMap":{"0":{"type":"branch","line":12,"loc":{"start":{"line":12,"column":31},"end":{"line":24,"column":1}},"locations":[{"start":{"line":12,"column":31},"end":{"line":24,"column":1}}]},"1":{"type":"branch","line":14,"loc":{"start":{"line":14,"column":9},"end":{"line":22,"column":3}},"locations":[{"start":{"line":14,"column":9},"end":{"line":22,"column":3}}]}},"b":{"0":[2],"1":[1]},"fnMap":{"0":{"name":"buildMakePerson","decl":{"start":{"line":12,"column":31},"end":{"line":24,"column":1}},"loc":{"start":{"line":12,"column":31},"end":{"line":24,"column":1}},"line":12}},"f":{"0":2}}
,"D:\\cursos\\FH\\nodeJS2026\\seccion05\\02-bases\\src\\js-foundation\\06-promises.ts": {"path":"D:\\cursos\\FH\\nodeJS2026\\seccion05\\02-bases\\src\\js-foundation\\06-promises.ts","all":false,"statementMap":{"0":{"start":{"line":1,"column":0},"end":{"line":1,"column":39}},"1":{"start":{"line":2,"column":0},"end":{"line":2,"column":0}},"2":{"start":{"line":3,"column":0},"end":{"line":3,"column":77}},"3":{"start":{"line":4,"column":0},"end":{"line":4,"column":0}},"4":{"start":{"line":5,"column":0},"end":{"line":5,"column":9}},"5":{"start":{"line":6,"column":0},"end":{"line":6,"column":0}},"6":{"start":{"line":7,"column":0},"end":{"line":7,"column":64}},"7":{"start":{"line":8,"column":0},"end":{"line":8,"column":52}},"8":{"start":{"line":9,"column":0},"end":{"line":9,"column":6}},"9":{"start":{"line":10,"column":0},"end":{"line":10,"column":28}},"10":{"start":{"line":11,"column":0},"end":{"line":11,"column":8}},"11":{"start":{"line":12,"column":0},"end":{"line":12,"column":21}},"12":{"start":{"line":13,"column":0},"end":{"line":13,"column":40}},"13":{"start":{"line":14,"column":0},"end":{"line":14,"column":5}},"14":{"start":{"line":15,"column":0},"end":{"line":15,"column":0}},"15":{"start":{"line":16,"column":0},"end":{"line":16,"column":2}},"16":{"start":{"line":17,"column":0},"end":{"line":17,"column":1}}},"s":{"0":1,"1":1,"2":1,"3":2,"4":2,"5":2,"6":2,"7":2,"8":1,"9":1,"10":1,"11":1,"12":1,"13":1,"14":2,"15":2,"16":2},"branchMap":{"0":{"type":"branch","line":3,"loc":{"start":{"line":3,"column":30},"end":{"line":17,"column":1}},"locations":[{"start":{"line":3,"column":30},"end":{"line":17,"column":1}}]},"1":{"type":"branch","line":3,"loc":{"start":{"line":3,"column":75},"end":{"line":17,"column":1}},"locations":[{"start":{"line":3,"column":75},"end":{"line":17,"column":1}}]},"2":{"type":"branch","line":9,"loc":{"start":{"line":9,"column":-2},"end":{"line":14,"column":5}},"locations":[{"start":{"line":9,"column":-2},"end":{"line":14,"column":5}}]}},"b":{"0":[2],"1":[2],"2":[1]},"fnMap":{"0":{"name":"getPokemonById","decl":{"start":{"line":3,"column":30},"end":{"line":17,"column":1}},"loc":{"start":{"line":3,"column":30},"end":{"line":17,"column":1}},"line":3}},"f":{"0":2}}
,"D:\\cursos\\FH\\nodeJS2026\\seccion05\\02-bases\\src\\plugins\\get-age.plugin.ts": {"path":"D:\\cursos\\FH\\nodeJS2026\\seccion05\\02-bases\\src\\plugins\\get-age.plugin.ts","all":false,"statementMap":{"0":{"start":{"line":1,"column":0},"end":{"line":1,"column":0}},"1":{"start":{"line":2,"column":0},"end":{"line":2,"column":0}},"2":{"start":{"line":3,"column":0},"end":{"line":3,"column":46}},"3":{"start":{"line":4,"column":0},"end":{"line":4,"column":75}},"4":{"start":{"line":5,"column":0},"end":{"line":5,"column":0}},"5":{"start":{"line":6,"column":0},"end":{"line":6,"column":38}},"6":{"start":{"line":7,"column":0},"end":{"line":7,"column":72}},"7":{"start":{"line":8,"column":0},"end":{"line":8,"column":1}}},"s":{"0":1,"1":1,"2":1,"3":3,"4":3,"5":3,"6":3,"7":3},"branchMap":{"0":{"type":"branch","line":3,"loc":{"start":{"line":3,"column":22},"end":{"line":8,"column":1}},"locations":[{"start":{"line":3,"column":22},"end":{"line":8,"column":1}}]},"1":{"type":"branch","line":4,"loc":{"start":{"line":4,"column":19},"end":{"line":4,"column":75}},"locations":[{"start":{"line":4,"column":19},"end":{"line":4,"column":75}}]}},"b":{"0":[3],"1":[0]},"fnMap":{"0":{"name":"getAge","decl":{"start":{"line":3,"column":22},"end":{"line":8,"column":1}},"loc":{"start":{"line":3,"column":22},"end":{"line":8,"column":1}},"line":3}},"f":{"0":3}}
,"D:\\cursos\\FH\\nodeJS2026\\seccion05\\02-bases\\src\\plugins\\get-uuid.plugin.ts": {"path":"D:\\cursos\\FH\\nodeJS2026\\seccion05\\02-bases\\src\\plugins\\get-uuid.plugin.ts","all":false,"statementMap":{"0":{"start":{"line":1,"column":0},"end":{"line":1,"column":36}},"1":{"start":{"line":2,"column":0},"end":{"line":2,"column":0}},"2":{"start":{"line":3,"column":0},"end":{"line":3,"column":0}},"3":{"start":{"line":4,"column":0},"end":{"line":4,"column":30}},"4":{"start":{"line":5,"column":0},"end":{"line":5,"column":20}},"5":{"start":{"line":6,"column":0},"end":{"line":6,"column":2}}},"s":{"0":1,"1":1,"2":1,"3":1,"4":1,"5":1},"branchMap":{"0":{"type":"branch","line":4,"loc":{"start":{"line":4,"column":23},"end":{"line":6,"column":2}},"locations":[{"start":{"line":4,"column":23},"end":{"line":6,"column":2}}]}},"b":{"0":[1]},"fnMap":{"0":{"name":"getUUID","decl":{"start":{"line":4,"column":23},"end":{"line":6,"column":2}},"loc":{"start":{"line":4,"column":23},"end":{"line":6,"column":2}},"line":4}},"f":{"0":1}}
,"D:\\cursos\\FH\\nodeJS2026\\seccion05\\02-bases\\src\\plugins\\http-client.plugin.ts": {"path":"D:\\cursos\\FH\\nodeJS2026\\seccion05\\02-bases\\src\\plugins\\http-client.plugin.ts","all":false,"statementMap":{"0":{"start":{"line":1,"column":0},"end":{"line":1,"column":25}},"1":{"start":{"line":2,"column":0},"end":{"line":2,"column":0}},"2":{"start":{"line":3,"column":0},"end":{"line":3,"column":33}},"3":{"start":{"line":4,"column":0},"end":{"line":4,"column":0}},"4":{"start":{"line":5,"column":0},"end":{"line":5,"column":33}},"5":{"start":{"line":6,"column":0},"end":{"line":6,"column":44}},"6":{"start":{"line":7,"column":0},"end":{"line":7,"column":19}},"7":{"start":{"line":8,"column":0},"end":{"line":8,"column":6}},"8":{"start":{"line":9,"column":0},"end":{"line":9,"column":0}},"9":{"start":{"line":10,"column":0},"end":{"line":10,"column":45}},"10":{"start":{"line":11,"column":0},"end":{"line":11,"column":51}},"11":{"start":{"line":12,"column":0},"end":{"line":12,"column":6}},"12":{"start":{"line":13,"column":0},"end":{"line":13,"column":0}},"13":{"start":{"line":14,"column":0},"end":{"line":14,"column":44}},"14":{"start":{"line":15,"column":0},"end":{"line":15,"column":51}},"15":{"start":{"line":16,"column":0},"end":{"line":16,"column":6}},"16":{"start":{"line":17,"column":0},"end":{"line":17,"column":0}},"17":{"start":{"line":18,"column":0},"end":{"line":18,"column":36}},"18":{"start":{"line":19,"column":0},"end":{"line":19,"column":51}},"19":{"start":{"line":20,"column":0},"end":{"line":20,"column":5}},"20":{"start":{"line":21,"column":0},"end":{"line":21,"column":0}},"21":{"start":{"line":22,"column":0},"end":{"line":22,"column":1}}},"s":{"0":1,"1":1,"2":1,"3":1,"4":1,"5":3,"6":2,"7":3,"8":1,"9":1,"10":0,"11":0,"12":1,"13":1,"14":0,"15":0,"16":1,"17":1,"18":0,"19":0,"20":1,"21":1},"branchMap":{"0":{"type":"branch","line":5,"loc":{"start":{"line":5,"column":9},"end":{"line":8,"column":6}},"locations":[{"start":{"line":5,"column":9},"end":{"line":8,"column":6}}]},"1":{"type":"branch","line":5,"loc":{"start":{"line":5,"column":31},"end":{"line":8,"column":5}},"locations":[{"start":{"line":5,"column":31},"end":{"line":8,"column":5}}]},"2":{"type":"branch","line":7,"loc":{"start":{"line":7,"column":-2},"end":{"line":8,"column":5}},"locations":[{"start":{"line":7,"column":-2},"end":{"line":8,"column":5}}]}},"b":{"0":[3],"1":[3],"2":[2]},"fnMap":{"0":{"name":"get","decl":{"start":{"line":5,"column":9},"end":{"line":8,"column":6}},"loc":{"start":{"line":5,"column":9},"end":{"line":8,"column":6}},"line":5},"1":{"name":"post","decl":{"start":{"line":10,"column":10},"end":{"line":12,"column":6}},"loc":{"start":{"line":10,"column":10},"end":{"line":12,"column":6}},"line":10},"2":{"name":"put","decl":{"start":{"line":14,"column":9},"end":{"line":16,"column":6}},"loc":{"start":{"line":14,"column":9},"end":{"line":16,"column":6}},"line":14},"3":{"name":"delete","decl":{"start":{"line":18,"column":12},"end":{"line":20,"column":5}},"loc":{"start":{"line":18,"column":12},"end":{"line":20,"column":5}},"line":18}},"f":{"0":3,"1":0,"2":0,"3":0}}
,"D:\\cursos\\FH\\nodeJS2026\\seccion05\\02-bases\\src\\plugins\\index.ts": {"path":"D:\\cursos\\FH\\nodeJS2026\\seccion05\\02-bases\\src\\plugins\\index.ts","all":false,"statementMap":{"0":{"start":{"line":1,"column":0},"end":{"line":1,"column":42}},"1":{"start":{"line":2,"column":0},"end":{"line":2,"column":69}},"2":{"start":{"line":3,"column":0},"end":{"line":3,"column":44}},"3":{"start":{"line":4,"column":0},"end":{"line":4,"column":66}}},"s":{"0":1,"1":1,"2":1,"3":1},"branchMap":{"0":{"type":"branch","line":1,"loc":{"start":{"line":1,"column":9},"end":{"line":1,"column":42}},"locations":[{"start":{"line":1,"column":9},"end":{"line":1,"column":42}}]},"1":{"type":"branch","line":2,"loc":{"start":{"line":2,"column":9},"end":{"line":2,"column":39}},"locations":[{"start":{"line":2,"column":9},"end":{"line":2,"column":39}}]},"2":{"type":"branch","line":3,"loc":{"start":{"line":3,"column":9},"end":{"line":3,"column":44}},"locations":[{"start":{"line":3,"column":9},"end":{"line":3,"column":44}}]},"3":{"type":"branch","line":4,"loc":{"start":{"line":4,"column":9},"end":{"line":4,"column":20}},"locations":[{"start":{"line":4,"column":9},"end":{"line":4,"column":20}}]},"4":{"type":"branch","line":4,"loc":{"start":{"line":4,"column":20},"end":{"line":4,"column":66}},"locations":[{"start":{"line":4,"column":20},"end":{"line":4,"column":66}}]}},"b":{"0":[3],"1":[7],"2":[1],"3":[1],"4":[2]},"fnMap":{"0":{"name":"get","decl":{"start":{"line":1,"column":9},"end":{"line":1,"column":42}},"loc":{"start":{"line":1,"column":9},"end":{"line":1,"column":42}},"line":1},"1":{"name":"get","decl":{"start":{"line":2,"column":9},"end":{"line":2,"column":39}},"loc":{"start":{"line":2,"column":9},"end":{"line":2,"column":39}},"line":2},"2":{"name":"get","decl":{"start":{"line":3,"column":9},"end":{"line":3,"column":44}},"loc":{"start":{"line":3,"column":9},"end":{"line":3,"column":44}},"line":3},"3":{"name":"get","decl":{"start":{"line":4,"column":9},"end":{"line":4,"column":20}},"loc":{"start":{"line":4,"column":9},"end":{"line":4,"column":20}},"line":4},"4":{"name":"get","decl":{"start":{"line":4,"column":20},"end":{"line":4,"column":66}},"loc":{"start":{"line":4,"column":20},"end":{"line":4,"column":66}},"line":4}},"f":{"0":3,"1":7,"2":1,"3":1,"4":2}}
,"D:\\cursos\\FH\\nodeJS2026\\seccion05\\02-bases\\src\\plugins\\logger.plugin-parte-2 .ts": {"path":"D:\\cursos\\FH\\nodeJS2026\\seccion05\\02-bases\\src\\plugins\\logger.plugin-parte-2 .ts","all":false,"statementMap":{"0":{"start":{"line":1,"column":0},"end":{"line":1,"column":41}},"1":{"start":{"line":2,"column":0},"end":{"line":2,"column":44}},"2":{"start":{"line":3,"column":0},"end":{"line":3,"column":0}},"3":{"start":{"line":4,"column":0},"end":{"line":4,"column":0}},"4":{"start":{"line":5,"column":0},"end":{"line":5,"column":47}},"5":{"start":{"line":6,"column":0},"end":{"line":6,"column":16}},"6":{"start":{"line":7,"column":0},"end":{"line":7,"column":18}},"7":{"start":{"line":8,"column":0},"end":{"line":8,"column":16}},"8":{"start":{"line":9,"column":0},"end":{"line":9,"column":11}},"9":{"start":{"line":10,"column":0},"end":{"line":10,"column":4}},"10":{"start":{"line":11,"column":0},"end":{"line":11,"column":15}},"11":{"start":{"line":12,"column":0},"end":{"line":12,"column":75}},"12":{"start":{"line":13,"column":0},"end":{"line":13,"column":62}},"13":{"start":{"line":14,"column":0},"end":{"line":14,"column":4}},"14":{"start":{"line":15,"column":0},"end":{"line":15,"column":3}},"15":{"start":{"line":16,"column":0},"end":{"line":16,"column":0}},"16":{"start":{"line":17,"column":0},"end":{"line":17,"column":0}},"17":{"start":{"line":18,"column":0},"end":{"line":18,"column":47}},"18":{"start":{"line":19,"column":0},"end":{"line":19,"column":78}},"19":{"start":{"line":20,"column":0},"end":{"line":20,"column":39}},"20":{"start":{"line":21,"column":0},"end":{"line":21,"column":9}},"21":{"start":{"line":22,"column":0},"end":{"line":22,"column":4}},"22":{"start":{"line":23,"column":0},"end":{"line":23,"column":0}},"23":{"start":{"line":24,"column":0},"end":{"line":24,"column":49}},"24":{"start":{"line":25,"column":0},"end":{"line":25,"column":12}},"25":{"start":{"line":26,"column":0},"end":{"line":26,"column":35}},"26":{"start":{"line":27,"column":0},"end":{"line":27,"column":53}},"27":{"start":{"line":28,"column":0},"end":{"line":28,"column":10}},"28":{"start":{"line":29,"column":0},"end":{"line":29,"column":37}},"29":{"start":{"line":30,"column":0},"end":{"line":30,"column":36}},"30":{"start":{"line":31,"column":0},"end":{"line":31,"column":21}},"31":{"start":{"line":32,"column":0},"end":{"line":32,"column":20}},"32":{"start":{"line":33,"column":0},"end":{"line":33,"column":13}},"33":{"start":{"line":34,"column":0},"end":{"line":34,"column":9}},"34":{"start":{"line":35,"column":0},"end":{"line":35,"column":5}},"35":{"start":{"line":36,"column":0},"end":{"line":36,"column":1}}},"s":{"0":1,"1":1,"2":1,"3":1,"4":1,"5":1,"6":1,"7":1,"8":1,"9":1,"10":1,"11":1,"12":1,"13":1,"14":1,"15":1,"16":1,"17":1,"18":1,"19":1,"20":1,"21":1,"22":1,"23":1,"24":2,"25":2,"26":1,"27":2,"28":2,"29":0,"30":0,"31":0,"32":0,"33":0,"34":2,"35":2},"branchMap":{"0":{"type":"branch","line":24,"loc":{"start":{"line":24,"column":27},"end":{"line":36,"column":1}},"locations":[{"start":{"line":24,"column":27},"end":{"line":36,"column":1}}]},"1":{"type":"branch","line":26,"loc":{"start":{"line":26,"column":13},"end":{"line":28,"column":9}},"locations":[{"start":{"line":26,"column":13},"end":{"line":28,"column":9}}]}},"b":{"0":[2],"1":[1]},"fnMap":{"0":{"name":"buildLogger","decl":{"start":{"line":24,"column":27},"end":{"line":36,"column":1}},"loc":{"start":{"line":24,"column":27},"end":{"line":36,"column":1}},"line":24},"1":{"name":"log","decl":{"start":{"line":26,"column":13},"end":{"line":28,"column":9}},"loc":{"start":{"line":26,"column":13},"end":{"line":28,"column":9}},"line":26},"2":{"name":"error","decl":{"start":{"line":29,"column":15},"end":{"line":34,"column":9}},"loc":{"start":{"line":29,"column":15},"end":{"line":34,"column":9}},"line":29}},"f":{"0":2,"1":1,"2":0}}
}
