TN:
SF:src\plugins\http-client.plugin.ts
FN:5,get
FN:10,post
FN:14,put
FN:18,delete
FNF:4
FNH:0
FNDA:0,get
FNDA:0,post
FNDA:0,put
FNDA:0,delete
DA:1,1
DA:2,1
DA:3,1
DA:4,1
DA:5,1
DA:6,0
DA:7,0
DA:8,0
DA:9,1
DA:10,1
DA:11,0
DA:12,0
DA:13,1
DA:14,1
DA:15,0
DA:16,0
DA:17,1
DA:18,1
DA:19,0
DA:20,0
DA:21,1
DA:22,1
LF:22
LH:13
BRF:0
BRH:0
end_of_record
TN:
SF:src\plugins\index.ts
FN:1,get
FN:2,get
FN:3,get
FN:4,get
FN:4,get
FNF:5
FNH:2
FNDA:0,get
FNDA:0,get
FNDA:0,get
FNDA:1,get
FNDA:2,get
DA:1,1
DA:2,1
DA:3,1
DA:4,1
LF:4
LH:4
BRDA:4,0,0,1
BRDA:4,1,0,2
BRF:2
BRH:2
end_of_record
